<?xml version="1.0" encoding="UTF-8"?>
<testng-results ignored="0" total="1" passed="1" failed="0" skipped="0">
  <reporter-output>
  </reporter-output>
  <suite started-at="2025-03-24T16:13:10 IST" name="Default suite" finished-at="2025-03-24T16:13:44 IST" duration-ms="33684">
    <groups>
    </groups>
    <test started-at="2025-03-24T16:13:10 IST" name="Default test" finished-at="2025-03-24T16:13:44 IST" duration-ms="33684">
      <class name="qa.test.PracticeFormTest">
        <test-method is-config="true" signature="Setup()[pri:0, instance:qa.test.PracticeFormTest@5e2c3d18]" started-at="2025-03-24T16:13:10 IST" name="Setup" finished-at="2025-03-24T16:13:25 IST" duration-ms="15031" status="PASS">
          <reporter-output>
          </reporter-output>
        </test-method> <!-- Setup -->
        <test-method signature="formRegistrationTest()[pri:0, instance:qa.test.PracticeFormTest@5e2c3d18]" started-at="2025-03-24T16:13:25 IST" name="formRegistrationTest" finished-at="2025-03-24T16:13:44 IST" duration-ms="18476" status="PASS">
          <reporter-output>
          </reporter-output>
        </test-method> <!-- formRegistrationTest -->
        <test-method is-config="true" signature="tearDown()[pri:0, instance:qa.test.PracticeFormTest@5e2c3d18]" started-at="2025-03-24T16:13:44 IST" name="tearDown" finished-at="2025-03-24T16:13:44 IST" duration-ms="144" status="PASS">
          <reporter-output>
          </reporter-output>
        </test-method> <!-- tearDown -->
      </class> <!-- qa.test.PracticeFormTest -->
    </test> <!-- Default test -->
  </suite> <!-- Default suite -->
</testng-results>
