<?xml version="1.0" encoding="UTF-8"?>
<testng-results ignored="0" total="1" passed="1" failed="0" skipped="0">
  <reporter-output>
  </reporter-output>
  <suite started-at="2025-03-25T20:21:14 IST" name="Default suite" finished-at="2025-03-25T20:22:31 IST" duration-ms="76800">
    <groups>
    </groups>
    <test started-at="2025-03-25T20:21:14 IST" name="Default test" finished-at="2025-03-25T20:22:31 IST" duration-ms="76800">
      <class name="qa.test.PracticeFormTest">
        <test-method is-config="true" signature="Setup()[pri:0, instance:qa.test.PracticeFormTest@3e27aa33]" started-at="2025-03-25T20:21:14 IST" name="Setup" finished-at="2025-03-25T20:21:54 IST" duration-ms="39728" status="PASS">
          <reporter-output>
          </reporter-output>
        </test-method> <!-- Setup -->
        <test-method signature="formRegistrationTest()[pri:0, instance:qa.test.PracticeFormTest@3e27aa33]" started-at="2025-03-25T20:21:54 IST" name="formRegistrationTest" finished-at="2025-03-25T20:22:29 IST" duration-ms="35362" status="PASS">
          <reporter-output>
          </reporter-output>
        </test-method> <!-- formRegistrationTest -->
        <test-method is-config="true" signature="tearDown()[pri:0, instance:qa.test.PracticeFormTest@3e27aa33]" started-at="2025-03-25T20:22:29 IST" name="tearDown" finished-at="2025-03-25T20:22:31 IST" duration-ms="1681" status="PASS">
          <reporter-output>
          </reporter-output>
        </test-method> <!-- tearDown -->
      </class> <!-- qa.test.PracticeFormTest -->
    </test> <!-- Default test -->
  </suite> <!-- Default suite -->
</testng-results>
